<?xml version="1.0" encoding="UTF-8"?>
<!-- Generated by org.testng.reporters.JUnitReportReporter -->
<testsuite hostname="DESKTOP-U691P5C" failures="0" tests="1" name="day4.ParsingJsonResponceData" time="3.889" errors="0" timestamp="2024-01-27T17:12:34 IST" skipped="0">
  <testcase classname="day4.ParsingJsonResponceData" name="testJsonBodyValidation" time="3.889"/>
</testsuite> <!-- day4.ParsingJsonResponceData -->
