<?xml version="1.0" encoding="UTF-8"?>
<!-- Generated by org.testng.reporters.JUnitReportReporter -->
<testsuite hostname="DESKTOP-U691P5C" failures="0" tests="1" name="day3.LoggingDemo2" time="1.525" errors="0" timestamp="2024-01-25T16:48:28 IST" skipped="0">
  <testcase classname="day3.LoggingDemo2" name="testLogging" time="1.525"/>
</testsuite> <!-- day3.LoggingDemo2 -->
