<?xml version="1.0" encoding="UTF-8"?>
<!-- Generated by org.testng.reporters.JUnitReportReporter -->
<testsuite hostname="DESKTOP-U691P5C" failures="0" tests="2" name="day5.ParsingXmlResponce" time="2.678" errors="0" timestamp="2024-02-20T09:58:31 IST" skipped="0">
  <testcase classname="day5.ParsingXmlResponce" name="testXmlResponceBody" time="2.456"/>
  <testcase classname="day5.ParsingXmlResponce" name="testXmlResponceValidation" time="0.222"/>
</testsuite> <!-- day5.ParsingXmlResponce -->
