<?xml version="1.0" encoding="UTF-8"?>
<!-- Generated by org.testng.reporters.JUnitReportReporter -->
<testsuite hostname="DESKTOP-U691P5C" failures="0" tests="1" name="day3.HeadredDemo" time="1.559" errors="0" timestamp="2024-01-25T16:45:51 IST" skipped="0">
  <testcase classname="day3.HeadredDemo" name="testHeard" time="1.559"/>
</testsuite> <!-- day3.HeadredDemo -->
