<?xml version="1.0" encoding="UTF-8"?>
<!-- Generated by org.testng.reporters.JUnitReportReporter -->
<testsuite hostname="DESKTOP-U691P5C" failures="0" tests="1" name="day1.HttpsRequest" time="4.765" errors="0" timestamp="2024-02-29T13:48:17 IST" skipped="0">
  <testcase classname="day1.HttpsRequest" name="getSingleUsers" time="4.765"/>
</testsuite> <!-- day1.HttpsRequest -->
