<?xml version="1.0" encoding="UTF-8"?>
<!-- Generated by org.testng.reporters.JUnitReportReporter -->
<testsuite hostname="DESKTOP-U691P5C" failures="0" tests="2" name="day6.Serialization_Deserialization" time="0.496" errors="0" timestamp="2024-02-19T10:30:03 IST" skipped="0">
  <testcase classname="day6.Serialization_Deserialization" name="convertPJsonToojo" time="0.463"/>
  <testcase classname="day6.Serialization_Deserialization" name="convertPojoToJson" time="0.033"/>
</testsuite> <!-- day6.Serialization_Deserialization -->
