<?xml version="1.0" encoding="UTF-8"?>
<!-- Generated by org.testng.reporters.JUnitReportReporter -->
<testsuite hostname="DESKTOP-U691P5C" failures="0" tests="1" name="day3.Path_Quary_Parameters" time="3.162" errors="0" timestamp="2024-01-25T09:26:03 IST" skipped="0">
  <testcase classname="day3.Path_Quary_Parameters" name="perametersPassing" time="3.162"/>
</testsuite> <!-- day3.Path_Quary_Parameters -->
