<?xml version="1.0" encoding="UTF-8"?>
<!-- Generated by org.testng.reporters.JUnitReportReporter -->
<testsuite hostname="DESKTOP-U691P5C" failures="0" tests="1" name="day6.Json_Scheema_Validations" time="1.568" errors="0" timestamp="2024-02-18T15:21:12 IST" skipped="0">
  <testcase classname="day6.Json_Scheema_Validations" name="jsonScheemaValidations" time="1.568"/>
</testsuite> <!-- day6.Json_Scheema_Validations -->
