<?xml version="1.0" encoding="UTF-8"?>
<!-- Generated by org.testng.reporters.JUnitReportReporter -->
<testsuite hostname="DESKTOP-U691P5C" failures="0" tests="1" name="day6.XmlScheemaValidation" time="1.595" errors="0" timestamp="2024-02-18T16:10:14 IST" skipped="0">
  <testcase classname="day6.XmlScheemaValidation" name="xmlScheemaValidation" time="1.595"/>
</testsuite> <!-- day6.XmlScheemaValidation -->
