<?xml version="1.0" encoding="UTF-8"?>
<!-- Generated by org.testng.reporters.JUnitReportReporter -->
<testsuite hostname="DESKTOP-U691P5C" failures="0" tests="7" name="day4.ComplexJson" time="1.786" errors="0" timestamp="2024-01-26T00:19:10 IST" skipped="0">
  <testcase classname="day4.ComplexJson" name="testJsonValidations" time="0.017"/>
  <testcase classname="day4.ComplexJson" name="getBookSize" time="1.490"/>
  <testcase classname="day4.ComplexJson" name="getFristTitle" time="0.061"/>
  <testcase classname="day4.ComplexJson" name="getBookAuthor" time="0.016"/>
  <testcase classname="day4.ComplexJson" name="getSayingsoftheCenturyprice" time="0.078"/>
  <testcase classname="day4.ComplexJson" name="getAllBookTitles" time="0.061"/>
  <testcase classname="day4.ComplexJson" name="getSumOfPrices" time="0.063"/>
</testsuite> <!-- day4.ComplexJson -->
