<?xml version="1.0" encoding="UTF-8"?>
<!-- Generated by org.testng.reporters.JUnitReportReporter -->
<testsuite hostname="DESKTOP-U691P5C" failures="0" tests="1" name="Day7.Authantications" time="4.753" errors="0" timestamp="2024-02-24T12:12:18 IST" skipped="0">
  <testcase classname="Day7.Authantications" name="testBasicAuthentication" time="4.753"/>
</testsuite> <!-- Day7.Authantications -->
